0 info it worked if it ends with ok
1 verbose cli [ '/usr/local/Cellar/node/0.8.18/bin/node',
1 verbose cli   '/usr/local/bin/npm',
1 verbose cli   'publish' ]
2 info using npm@1.2.2
3 info using node@v0.8.18
4 verbose publish [ '.' ]
5 verbose read json /Users/sebastian/Sites/node-videoinfo/package.json
6 verbose cache add [ '.', null ]
7 verbose cache add name=undefined spec="." args=[".",null]
8 verbose parsed url { pathname: '.', path: '.', href: '.' }
9 silly lockFile 3a52ce78- .
10 verbose lock . /Users/sebastian/.npm/3a52ce78-.lock
11 verbose read json package.json
12 verbose tar pack [ '/var/folders/sp/vqxrsqk51mn9tqdxz8p7brsr0000gn/T/npm-80444/1364450596262-0.04926862847059965/tmp.tgz',
12 verbose tar pack   '.' ]
13 verbose tarball /var/folders/sp/vqxrsqk51mn9tqdxz8p7brsr0000gn/T/npm-80444/1364450596262-0.04926862847059965/tmp.tgz
14 verbose folder .
15 info prepublish videoinfo@0.1.2
16 silly lockFile 5b53ce7b-6262-0-04926862847059965-tmp-tgz /var/folders/sp/vqxrsqk51mn9tqdxz8p7brsr0000gn/T/npm-80444/1364450596262-0.04926862847059965/tmp.tgz
17 verbose lock /var/folders/sp/vqxrsqk51mn9tqdxz8p7brsr0000gn/T/npm-80444/1364450596262-0.04926862847059965/tmp.tgz /Users/sebastian/.npm/5b53ce7b-6262-0-04926862847059965-tmp-tgz.lock
18 silly lockFile 5b53ce7b-6262-0-04926862847059965-tmp-tgz /var/folders/sp/vqxrsqk51mn9tqdxz8p7brsr0000gn/T/npm-80444/1364450596262-0.04926862847059965/tmp.tgz
19 verbose tar unpack /var/folders/sp/vqxrsqk51mn9tqdxz8p7brsr0000gn/T/npm-80444/1364450596262-0.04926862847059965/tmp.tgz
20 silly lockFile 4ae094d4-6262-0-04926862847059965-package /var/folders/sp/vqxrsqk51mn9tqdxz8p7brsr0000gn/T/npm-80444/1364450596262-0.04926862847059965/package
21 verbose lock /var/folders/sp/vqxrsqk51mn9tqdxz8p7brsr0000gn/T/npm-80444/1364450596262-0.04926862847059965/package /Users/sebastian/.npm/4ae094d4-6262-0-04926862847059965-package.lock
22 silly gunzTarPerm modes [ '755', '644' ]
23 silly gunzTarPerm extractEntry package.json
24 silly gunzTarPerm extractEntry .npmignore
25 silly gunzTarPerm extractEntry Gruntfile.js
26 silly gunzTarPerm extractEntry full_test/all.js
27 silly gunzTarPerm extractEntry full_test/bad_confreaks.js
28 silly gunzTarPerm extractEntry full_test/bad_vimeo.js
29 silly gunzTarPerm extractEntry full_test/bad_youtube.js
30 silly gunzTarPerm extractEntry lib/find_provider.js
31 silly gunzTarPerm extractEntry lib/main.js
32 silly gunzTarPerm extractEntry lib/retrieve_confreaks.js
33 silly gunzTarPerm extractEntry lib/retrieve_vimeo.js
34 silly gunzTarPerm extractEntry lib/retrieve_youtube.js
35 silly gunzTarPerm extractEntry readme.md
36 silly gunzTarPerm extractEntry test/find_provider_test.js
37 silly gunzTarPerm extractEntry test/main_test.js
38 silly gunzTarPerm extractEntry test/response_confreaks.js
39 silly gunzTarPerm extractEntry test/response_vimeo.js
40 silly gunzTarPerm extractEntry test/response_youtube.js
41 silly gunzTarPerm extractEntry test/retrieve_confreaks_test.js
42 silly gunzTarPerm extractEntry test/retrieve_vimeo_test.js
43 silly gunzTarPerm extractEntry test/retrieve_youtube_test.js
44 verbose read json /var/folders/sp/vqxrsqk51mn9tqdxz8p7brsr0000gn/T/npm-80444/1364450596262-0.04926862847059965/package/package.json
45 silly lockFile 4ae094d4-6262-0-04926862847059965-package /var/folders/sp/vqxrsqk51mn9tqdxz8p7brsr0000gn/T/npm-80444/1364450596262-0.04926862847059965/package
46 verbose from cache /var/folders/sp/vqxrsqk51mn9tqdxz8p7brsr0000gn/T/npm-80444/1364450596262-0.04926862847059965/package/package.json
47 verbose tar pack [ '/Users/sebastian/.npm/videoinfo/0.1.2/package.tgz',
47 verbose tar pack   '/var/folders/sp/vqxrsqk51mn9tqdxz8p7brsr0000gn/T/npm-80444/1364450596262-0.04926862847059965/package' ]
48 verbose tarball /Users/sebastian/.npm/videoinfo/0.1.2/package.tgz
49 verbose folder /var/folders/sp/vqxrsqk51mn9tqdxz8p7brsr0000gn/T/npm-80444/1364450596262-0.04926862847059965/package
50 silly lockFile b0be55c0--npm-videoinfo-0-1-2-package-tgz /Users/sebastian/.npm/videoinfo/0.1.2/package.tgz
51 verbose lock /Users/sebastian/.npm/videoinfo/0.1.2/package.tgz /Users/sebastian/.npm/b0be55c0--npm-videoinfo-0-1-2-package-tgz.lock
52 silly lockFile b0be55c0--npm-videoinfo-0-1-2-package-tgz /Users/sebastian/.npm/videoinfo/0.1.2/package.tgz
53 silly lockFile 3b7faaef-tian-npm-videoinfo-0-1-2-package /Users/sebastian/.npm/videoinfo/0.1.2/package
54 verbose lock /Users/sebastian/.npm/videoinfo/0.1.2/package /Users/sebastian/.npm/3b7faaef-tian-npm-videoinfo-0-1-2-package.lock
55 silly lockFile 3b7faaef-tian-npm-videoinfo-0-1-2-package /Users/sebastian/.npm/videoinfo/0.1.2/package
56 verbose tar unpack /Users/sebastian/.npm/videoinfo/0.1.2/package.tgz
57 silly lockFile 3b7faaef-tian-npm-videoinfo-0-1-2-package /Users/sebastian/.npm/videoinfo/0.1.2/package
58 verbose lock /Users/sebastian/.npm/videoinfo/0.1.2/package /Users/sebastian/.npm/3b7faaef-tian-npm-videoinfo-0-1-2-package.lock
59 silly gunzTarPerm modes [ '755', '644' ]
60 silly gunzTarPerm extractEntry package.json
61 silly gunzTarPerm extractEntry .npmignore
62 silly gunzTarPerm extractEntry Gruntfile.js
63 silly gunzTarPerm extractEntry full_test/all.js
64 silly gunzTarPerm extractEntry full_test/bad_confreaks.js
65 silly gunzTarPerm extractEntry full_test/bad_vimeo.js
66 silly gunzTarPerm extractEntry full_test/bad_youtube.js
67 silly gunzTarPerm extractEntry lib/find_provider.js
68 silly gunzTarPerm extractEntry lib/main.js
69 silly gunzTarPerm extractEntry lib/retrieve_confreaks.js
70 silly gunzTarPerm extractEntry lib/retrieve_vimeo.js
71 silly gunzTarPerm extractEntry lib/retrieve_youtube.js
72 silly gunzTarPerm extractEntry readme.md
73 silly gunzTarPerm extractEntry test/find_provider_test.js
74 silly gunzTarPerm extractEntry test/main_test.js
75 silly gunzTarPerm extractEntry test/response_confreaks.js
76 silly gunzTarPerm extractEntry test/response_vimeo.js
77 silly gunzTarPerm extractEntry test/response_youtube.js
78 silly gunzTarPerm extractEntry test/retrieve_confreaks_test.js
79 silly gunzTarPerm extractEntry test/retrieve_vimeo_test.js
80 silly gunzTarPerm extractEntry test/retrieve_youtube_test.js
81 verbose read json /Users/sebastian/.npm/videoinfo/0.1.2/package/package.json
82 silly lockFile 3b7faaef-tian-npm-videoinfo-0-1-2-package /Users/sebastian/.npm/videoinfo/0.1.2/package
83 silly shasum updated bytes 4829
84 info shasum a02ea8241a0bd7c15fca83da9b51b8de2e1cc122
84 info shasum /Users/sebastian/.npm/videoinfo/0.1.2/package.tgz
85 verbose from cache /Users/sebastian/.npm/videoinfo/0.1.2/package/package.json
86 verbose chmod /Users/sebastian/.npm/videoinfo/0.1.2/package.tgz 644
87 verbose chown /Users/sebastian/.npm/videoinfo/0.1.2/package.tgz [ 501, 20 ]
88 silly lockFile 3a52ce78- .
89 silly publish { name: 'videoinfo',
89 silly publish   version: '0.1.2',
89 silly publish   description: 'Video info retriever',
89 silly publish   main: 'lib/main.js',
89 silly publish   scripts: { test: 'echo "Error: no test specified" && exit 1' },
89 silly publish   repository: '',
89 silly publish   keywords: [ 'video', 'youtube', 'vimeo', 'confreaks' ],
89 silly publish   author: { name: 'Sebastian Porto' },
89 silly publish   license: 'MIT',
89 silly publish   devDependencies:
89 silly publish    { chai: '*',
89 silly publish      mocha: '~1.8.2',
89 silly publish      'grunt-simple-mocha': '~0.3.2',
89 silly publish      grunt: '~0.4.1',
89 silly publish      'grunt-contrib-jshint': '~0.3.0',
89 silly publish      rewire: '~1.1.2',
89 silly publish      sinon: '~1.6.0' },
89 silly publish   dependencies:
89 silly publish    { 'n-vimeo': '~0.3.0',
89 silly publish      'youtube-feeds': '~2.2.0',
89 silly publish      confreaks: '~0.1.0' },
89 silly publish   readme: 'VideoInfo\n=========\n\nA node module for retrieving information of videos from popular video services.\n\nSupported services:\n\n- Youtube\n- Vimeo\n- Confreaks\n\nInstallation\n-----------\n\n\tnpm install videoinfo\n\nUsage\n-----\n\nFetch the information for a video\n\n\tvi = require(\'videoinfo\');\n\tvi.fetch(\'http://www.youtube.com/watch?v=9eHbqMayxv8\', function (err, data) {\n\t\t//...\n\t});\n\nData will have the following schema\n\n\t{\n\t\ttitle: "title",\n\t\tdescription: "description",\n\t\tthumbS: "thumbnail/path",\n\t\tthumbM: "thumbnail/path",\n\t\tthumbL: "thumbnail/path"\n\t}',
89 silly publish   readmeFilename: 'readme.md',
89 silly publish   _id: 'videoinfo@0.1.2',
89 silly publish   dist: { shasum: 'a02ea8241a0bd7c15fca83da9b51b8de2e1cc122' },
89 silly publish   _from: '.' }
90 verbose url raw videoinfo
91 verbose url resolving [ 'https://registry.npmjs.org/', './videoinfo' ]
92 verbose url resolved https://registry.npmjs.org/videoinfo
93 info trying registry request attempt 1 at 17:03:16
94 http PUT https://registry.npmjs.org/videoinfo
95 http 409 https://registry.npmjs.org/videoinfo
96 verbose url raw videoinfo
97 verbose url resolving [ 'https://registry.npmjs.org/', './videoinfo' ]
98 verbose url resolved https://registry.npmjs.org/videoinfo
99 info trying registry request attempt 1 at 17:03:17
100 http GET https://registry.npmjs.org/videoinfo
101 http 200 https://registry.npmjs.org/videoinfo
102 error publish fail Cannot publish over existing version.
102 error publish fail Bump the 'version' field, set the --force flag, or
102 error publish fail     npm unpublish 'videoinfo@0.1.2'
102 error publish fail and try again
103 error System Darwin 12.2.1
104 error command "/usr/local/Cellar/node/0.8.18/bin/node" "/usr/local/bin/npm" "publish"
105 error cwd /Users/sebastian/Sites/node-videoinfo
106 error node -v v0.8.18
107 error npm -v 1.2.2
108 error code EPUBLISHCONFLICT
109 verbose exit [ 1, true ]
